Build started 26/11/2015 6:42:24 PM.
     1>Project "C:\Assignment 1\Assignment-1\Assignment1\Assignment1\Assignment1.vcxproj" on node 2 (Build target(s)).
     1>Link:
         C:\Program Files (x86)\Microsoft Visual Studio 12.0\VC\bin\link.exe /ERRORREPORT:PROMPT /OUT:"C:\Assignment 1\Assignment-1\Assignment1\Debug\Assignment1.exe" /INCREMENTAL /NOLOGO kernel32.lib user32.lib gdi32.lib winspool.lib comdlg32.lib advapi32.lib shell32.lib ole32.lib oleaut32.lib uuid.lib odbc32.lib odbccp32.lib /MANIFEST /MANIFESTUAC:"level='asInvoker' uiAccess='false'" /manifest:embed /DEBUG /PDB:"C:\Assignment 1\Assignment-1\Assignment1\Debug\Assignment1.pdb" /SUBSYSTEM:CONSOLE /TLBID:1 /DYNAMICBASE /NXCOMPAT /IMPLIB:"C:\Assignment 1\Assignment-1\Assignment1\Debug\Assignment1.lib" /MACHINE:X86 Debug\Dweller.obj
         Debug\GameObject.obj
         Debug\Item.obj
         Debug\Outfit.obj
         Debug\Vec2D.obj
         Debug\Weapon.obj
     1>MSVCRTD.lib(crtexe.obj) : error LNK2019: unresolved external symbol _main referenced in function ___tmainCRTStartup
     1>C:\Assignment 1\Assignment-1\Assignment1\Debug\Assignment1.exe : fatal error LNK1120: 1 unresolved externals
     1>Done Building Project "C:\Assignment 1\Assignment-1\Assignment1\Assignment1\Assignment1.vcxproj" (Build target(s)) -- FAILED.

Build FAILED.

Time Elapsed 00:00:00.15
